<?xml version="1.0" encoding="UTF-8"?>
<!-- Generated by org.testng.reporters.JUnitXMLReporter -->
<testsuite hostname="DESKTOP-2K3TA20" ignored="0" name="Web Service test" tests="10" failures="0" timestamp="10 бер. 2018 20:16:38 GMT" time="0.192" errors="0">
  <testcase name="addNewWalletTest" time="0.059" classname="tests.WalletServiceTest"/>
  <testcase name="buyExpensiveGoodTest" time="0.023" classname="tests.WalletServiceTest"/>
  <testcase name="buyGoodTest" time="0.013" classname="tests.WalletServiceTest"/>
  <testcase name="deleteWalletTest" time="0.013" classname="tests.WalletServiceTest"/>
  <testcase name="getAllWalletsTest" time="0.009" classname="tests.WalletServiceTest"/>
  <testcase name="getBalanceTest" time="0.004" classname="tests.WalletServiceTest"/>
  <testcase name="getExistWalletByIdTest" time="0.011" classname="tests.WalletServiceTest"/>
  <testcase name="getNotExistWalletTest" time="0.006" classname="tests.WalletServiceTest"/>
  <testcase name="putMoneyOnWalletTest" time="0.01" classname="tests.WalletServiceTest"/>
  <testcase name="putToMuchMoneyOnWalletTest" time="0.012" classname="tests.WalletServiceTest"/>
</testsuite> <!-- Web Service test -->
