<?xml version="1.0" encoding="UTF-8"?>
<testsuite name="Web Service test"
           tests="10"
           failures="0"
           errors="0"
           skipped="0"
           time="0,160">
  <properties />
  
  
            <testcase name="getNotExistWalletTest" time="0,006" classname="tests.WalletServiceTest" />
                <testcase name="addNewWalletTest" time="0,059" classname="tests.WalletServiceTest" />
                <testcase name="buyGoodTest" time="0,013" classname="tests.WalletServiceTest" />
                <testcase name="putMoneyOnWalletTest" time="0,010" classname="tests.WalletServiceTest" />
                <testcase name="getAllWalletsTest" time="0,009" classname="tests.WalletServiceTest" />
                <testcase name="putToMuchMoneyOnWalletTest" time="0,012" classname="tests.WalletServiceTest" />
                <testcase name="getExistWalletByIdTest" time="0,011" classname="tests.WalletServiceTest" />
                <testcase name="deleteWalletTest" time="0,013" classname="tests.WalletServiceTest" />
                <testcase name="buyExpensiveGoodTest" time="0,023" classname="tests.WalletServiceTest" />
                <testcase name="getBalanceTest" time="0,004" classname="tests.WalletServiceTest" />
      
</testsuite>
